
(luakit:4502): Gtk-WARNING **: 09:11:13.766: cannot open display: :0

(luakit:4803): Gtk-WARNING **: 09:13:41.342: cannot open display: :0
[    3.329701] I [core/luah]: Loading rc: /etc/xdg/luakit/rc.lua
[    4.599401] I [lua/adblock]: found 0 filter lists
[    4.599942] I [lua/adblock]: subscriptions file '/home/sandbells/.local/share/luakit/adblock/subscriptions' doesn't exist
[    4.848806] I [lua/styles]: found 0 user stylesheets
[   11.605152] W [glib]: (unknown): webkit_settings_set_enable_hyperlink_auditing is deprecated and does nothing.
[   12.368488] I [lua/webview]: Requested link: https://duckduckgo.com/?q=--kiosk (text/html)
[   12.376490] I [lua/webview]: Requested link: https://duckduckgo.com/?q=--disable-javascript (text/html)
[   12.379734] I [lua/webview]: Requested link: https://duckduckgo.com/?q=-u (text/html)
[   12.477015] W [glib]: (unknown): webkit_settings_set_enable_hyperlink_auditing is deprecated and does nothing.
[   12.510827] W [glib]: (unknown): webkit_settings_set_enable_hyperlink_auditing is deprecated and does nothing.
[   12.536565] W [glib]: (unknown): webkit_settings_set_enable_hyperlink_auditing is deprecated and does nothing.
[   55.110149] I [lua/webview]: Requested link: https://duckduckgo.com/post3.html (text/html)
[   55.174086] I [lua/webview]: Requested link: https://duckduckgo.com/post3.html (text/html)
[   55.227452] I [lua/webview]: Requested link: https://duckduckgo.com/post3.html (text/html)
Draw call returned Invalid argument.  Expect corruption.
[    3.923558] I [core/luah]: Loading rc: /etc/xdg/luakit/rc.lua
[    4.241889] I [lua/adblock]: found 0 filter lists
[    4.484431] I [lua/styles]: found 0 user stylesheets
[   12.686615] W [glib]: (unknown): webkit_settings_set_enable_hyperlink_auditing is deprecated and does nothing.
[   13.308564] I [lua/webview]: Requested link: https://duckduckgo.com/?q=--disable-javascript (text/html)
[   13.321161] I [lua/webview]: Requested link: https://duckduckgo.com/?q=--kiosk (text/html)
[   13.325243] I [lua/webview]: Requested link: https://duckduckgo.com/?q=-u (text/html)
[   13.377185] W [glib]: (unknown): webkit_settings_set_enable_hyperlink_auditing is deprecated and does nothing.
[   13.428267] W [glib]: (unknown): webkit_settings_set_enable_hyperlink_auditing is deprecated and does nothing.
[   13.457403] W [glib]: (unknown): webkit_settings_set_enable_hyperlink_auditing is deprecated and does nothing.
[   26.735430] I [lua/webview]: Requested link: https://duckduckgo.com/post3.html (text/html)
[   26.799538] I [lua/webview]: Requested link: https://duckduckgo.com/post3.html (text/html)
[   27.744272] I [lua/webview]: Requested link: https://duckduckgo.com/post3.html (text/html)
Draw call returned Invalid argument.  Expect corruption.
Failed to create GBM buffer of size 1912x1018: Cannot allocate memory
[  230.799186] I [lua/webview]: Requested link: http://localhost:8000/ (text/html)
[  230.864115] W [glib]: (unknown): webkit_settings_set_enable_hyperlink_auditing is deprecated and does nothing.
Failed to create GBM buffer of size 1912x1018: Cannot allocate memory
Failed to create GBM buffer of size 1912x1018: Cannot allocate memory
[  234.304913] I [lua/webview]: Requested link: http://localhost:8000/display/8/jokers/ (text/html)
[W][09:25:11.773765] pw.conf      | [          conf.c: 1182 try_load_conf()] can't load config client.conf: No such file or directory
[E][09:25:11.774717] pw.conf      | [          conf.c: 1215 pw_conf_load_conf_for_context()] can't load config client.conf: No such file or directory
[ALSOFT] (EE) Failed to create PipeWire event context (errno: 2)
[ALSOFT] (EE) Could not query RTKit: No such file or directory (2)
[ALSOFT] (EE) Could not query RTKit: No such file or directory (2)
[ALSOFT] (EE) mmap commit error: Broken pipe
